
Note: No compatibility mode selected!


Circuit: *title: delay meas.

Warning: Model issue on line 3 :
  .model nfet nmos ( level=49 version=3.1 tnom=27 tox=7.6e-9 xj=1.5e-7 nch ...
unrecognized parameter (xl) - ignored
unrecognized parameter (xw) - ignored
Warning: Model issue on line 5 :
  .model pfet pmos ( level=49 version=3.1 tnom=27 tox=7.6e-9 xj=1.5e-7 nch ...
unrecognized parameter (xl) - ignored
unrecognized parameter (xw) - ignored
Warning: .OPTION AUTOSTOP will not be effective because one of 'max|min|avg|rms|integ' is used in .meas
         AUTOSTOP being disabled...
Doing analysis at TEMP = 25.000000 and TNOM = 27.000000

Warning: Pd = 0 is less than W.
Warning: Ps = 0 is less than W.
Warning: Pd = 0 is less than W.
Warning: Ps = 0 is less than W.
Warning: Pd = 0 is less than W.
Warning: Ps = 0 is less than W.

Initial Transient Solution
--------------------------

Node                                   Voltage
----                                   -------
vdd_dyn                                    3.3
vss_dyn                                      0
vnw_dyn                                    3.3
vpw_dyn                                      0
vout                               6.95347e-09
wout                               6.95347e-09
vin                                          0
vhigh                                      3.3
vlow                                         0
vlow#branch                                  0
vhigh#branch                                 0
vin#branch                                   0
vocap#branch                                 0
vpw_dyn#branch                               0
vnw_dyn#branch                               0
vss_dyn#branch                     3.92128e-12
vdd_dyn#branch                    -2.83257e-11


No. of Data Rows : 8166688

  Measurements for Transient Analysis

prop_in_out         =  3.315113e-10 targ=  1.258151e-08 trig=  1.225000e-08
trans_out           =  1.202171e-10 targ=  1.263484e-08 trig=  1.251462e-08
q_in_dyn            =   -5.29811e-14 from=  8.24833e-09 to=  1.27820e-08
q_out_dyn           =   3.29957e-14 from=  8.24833e-09 to=  1.27820e-07
q_vdd_dyn           =   -5.93164e-13 from=  8.24833e-09 to=  1.27820e-07
q_vss_dyn           =   6.70422e-13 from=  8.24833e-09 to=  1.27820e-07
i_vdd_leak          =  -2.832573e-11 from=  8.166667e-10 to=  8.167667e-09
i_vss_leak          =  3.921277e-12 from=  8.166667e-10 to=  8.167667e-09
i_in_leak           =  -1.621218e-19 from=  8.166667e-10 to=  8.167667e-09


Total analysis time (seconds) = 76.506

Total elapsed time (seconds) = 76.514 

Total DRAM available = 128432.770 MB.
DRAM currently available = 45813.434 MB.
Maximum ngspice program size =  514.152 MB.
Current ngspice program size =  441.516 MB.

Shared ngspice pages =    4.039 MB.
Text (code) pages =    7.465 MB.
Stack = 0 bytes.
Library pages =  437.598 MB.

